<?xml version="1.0" encoding="UTF-8"?>
<testsuite name="SolutionTest" tests="2" skipped="0" failures="0" errors="0" timestamp="2022-06-09T12:40:08" hostname="yuanyu-ubuntu" time="0.032">
  <properties/>
  <testcase name="isAnagramExample1()" classname="SolutionTest" time="0.029"/>
  <testcase name="isAnagramExample2()" classname="SolutionTest" time="0.001"/>
  <system-out><![CDATA[]]></system-out>
  <system-err><![CDATA[]]></system-err>
</testsuite>
